[debug] [2025-01-15T15:09:57.116Z] ----------------------------------------------------------------------
[debug] [2025-01-15T15:09:57.119Z] Command:       C:\Program Files\nodejs\node.exe C:\Users\RYZEN\AppData\Roaming\npm\node_modules\firebase-tools\lib\bin\firebase.js init
[debug] [2025-01-15T15:09:57.120Z] CLI Version:   13.29.1
[debug] [2025-01-15T15:09:57.120Z] Platform:      win32
[debug] [2025-01-15T15:09:57.120Z] Node Version:  v22.11.0
[debug] [2025-01-15T15:09:57.120Z] Time:          Wed Jan 15 2025 20:39:57 GMT+0530 (India Standard Time)
[debug] [2025-01-15T15:09:57.120Z] ----------------------------------------------------------------------
[debug] 
[debug] [2025-01-15T15:09:57.128Z] > command requires scopes: ["email","openid","https://www.googleapis.com/auth/cloudplatformprojects.readonly","https://www.googleapis.com/auth/firebase","https://www.googleapis.com/auth/cloud-platform"]
[debug] [2025-01-15T15:09:57.129Z] > authorizing via signed-in user (naveen2002born@gmail.com)
[info] 
     ######## #### ########  ######## ########     ###     ######  ########
     ##        ##  ##     ## ##       ##     ##  ##   ##  ##       ##
     ######    ##  ########  ######   ########  #########  ######  ######
     ##        ##  ##    ##  ##       ##     ## ##     ##       ## ##
     ##       #### ##     ## ######## ########  ##     ##  ######  ########

You're about to initialize a Firebase project in this directory:

  C:\Users\RYZEN\OneDrive\Desktop\React-Project\Swiggy Clown\002 01-starting-project (12)\01-starting-project

[info] 
=== Project Setup
[info] 
[info] First, let's associate this project directory with a Firebase project.
[info] You can create multiple project aliases by running firebase use --add, 
[info] but for now we'll just set up a default project.
[info] 
[info] i  If you want to create a project in a Google Cloud organization or folder, please use "firebase projects:create" instead, and return to this command when you've created the project. 
[debug] [2025-01-15T15:10:47.671Z] Checked if tokens are valid: true, expires at: 1736957342269
[debug] [2025-01-15T15:10:47.671Z] Checked if tokens are valid: true, expires at: 1736957342269
[debug] [2025-01-15T15:10:47.672Z] >>> [apiv2][query] POST https://cloudresourcemanager.googleapis.com/v1/projects [none]
[debug] [2025-01-15T15:10:47.672Z] >>> [apiv2][body] POST https://cloudresourcemanager.googleapis.com/v1/projects {"projectId":"bhooklagibynaveen","name":"bhooklagi"}
[debug] [2025-01-15T15:10:50.225Z] <<< [apiv2][status] POST https://cloudresourcemanager.googleapis.com/v1/projects 200
[debug] [2025-01-15T15:10:50.225Z] <<< [apiv2][body] POST https://cloudresourcemanager.googleapis.com/v1/projects {"name":"operations/cp.5676209114396957258"}
[debug] [2025-01-15T15:10:50.226Z] Checked if tokens are valid: true, expires at: 1736957342269
[debug] [2025-01-15T15:10:50.226Z] Checked if tokens are valid: true, expires at: 1736957342269
[debug] [2025-01-15T15:10:50.226Z] >>> [apiv2][query] GET https://cloudresourcemanager.googleapis.com/v1/operations/cp.5676209114396957258 [none]
[debug] [2025-01-15T15:10:51.908Z] <<< [apiv2][status] GET https://cloudresourcemanager.googleapis.com/v1/operations/cp.5676209114396957258 200
[debug] [2025-01-15T15:10:51.908Z] <<< [apiv2][body] GET https://cloudresourcemanager.googleapis.com/v1/operations/cp.5676209114396957258 {"name":"operations/cp.5676209114396957258"}
[debug] [2025-01-15T15:10:52.415Z] [Project Creation Poller] Retrying task index 0
[debug] [2025-01-15T15:10:52.416Z] Checked if tokens are valid: true, expires at: 1736957342269
[debug] [2025-01-15T15:10:52.416Z] Checked if tokens are valid: true, expires at: 1736957342269
[debug] [2025-01-15T15:10:52.416Z] >>> [apiv2][query] GET https://cloudresourcemanager.googleapis.com/v1/operations/cp.5676209114396957258 [none]
[debug] [2025-01-15T15:10:53.005Z] <<< [apiv2][status] GET https://cloudresourcemanager.googleapis.com/v1/operations/cp.5676209114396957258 200
[debug] [2025-01-15T15:10:53.006Z] <<< [apiv2][body] GET https://cloudresourcemanager.googleapis.com/v1/operations/cp.5676209114396957258 {"name":"operations/cp.5676209114396957258"}
[debug] [2025-01-15T15:10:54.017Z] [Project Creation Poller] Retrying task index 0
[debug] [2025-01-15T15:10:54.018Z] Checked if tokens are valid: true, expires at: 1736957342269
[debug] [2025-01-15T15:10:54.018Z] Checked if tokens are valid: true, expires at: 1736957342269
[debug] [2025-01-15T15:10:54.018Z] >>> [apiv2][query] GET https://cloudresourcemanager.googleapis.com/v1/operations/cp.5676209114396957258 [none]
[debug] [2025-01-15T15:10:54.585Z] <<< [apiv2][status] GET https://cloudresourcemanager.googleapis.com/v1/operations/cp.5676209114396957258 200
[debug] [2025-01-15T15:10:54.586Z] <<< [apiv2][body] GET https://cloudresourcemanager.googleapis.com/v1/operations/cp.5676209114396957258 {"name":"operations/cp.5676209114396957258","metadata":{"@type":"type.googleapis.com/google.cloudresourcemanager.v1.ProjectCreationStatus","gettable":true,"ready":true},"done":true,"response":{"@type":"type.googleapis.com/google.cloudresourcemanager.v1.Project","projectNumber":"628415708341","projectId":"bhooklagibynaveen","lifecycleState":"ACTIVE","name":"bhooklagi","createTime":"2025-01-15T15:10:51.297494Z"}}
[debug] [2025-01-15T15:10:54.587Z] Checked if tokens are valid: true, expires at: 1736957342269
[debug] [2025-01-15T15:10:54.587Z] Checked if tokens are valid: true, expires at: 1736957342269
[debug] [2025-01-15T15:10:54.587Z] >>> [apiv2][query] POST https://firebase.googleapis.com/v1beta1/projects/bhooklagibynaveen:addFirebase [none]
[debug] [2025-01-15T15:10:58.386Z] <<< [apiv2][status] POST https://firebase.googleapis.com/v1beta1/projects/bhooklagibynaveen:addFirebase 200
[debug] [2025-01-15T15:10:58.386Z] <<< [apiv2][body] POST https://firebase.googleapis.com/v1beta1/projects/bhooklagibynaveen:addFirebase {"name":"operations/workflows/M2Y4Yzg3NTctZGNhOS00MDQ5LWJhZDMtZDQxYjg4OTYxNTU1"}
[debug] [2025-01-15T15:10:58.386Z] Checked if tokens are valid: true, expires at: 1736957342269
[debug] [2025-01-15T15:10:58.386Z] Checked if tokens are valid: true, expires at: 1736957342269
[debug] [2025-01-15T15:10:58.386Z] >>> [apiv2][query] GET https://firebase.googleapis.com/v1beta1/operations/workflows/M2Y4Yzg3NTctZGNhOS00MDQ5LWJhZDMtZDQxYjg4OTYxNTU1 [none]
[debug] [2025-01-15T15:11:01.919Z] <<< [apiv2][status] GET https://firebase.googleapis.com/v1beta1/operations/workflows/M2Y4Yzg3NTctZGNhOS00MDQ5LWJhZDMtZDQxYjg4OTYxNTU1 200
[debug] [2025-01-15T15:11:01.919Z] <<< [apiv2][body] GET https://firebase.googleapis.com/v1beta1/operations/workflows/M2Y4Yzg3NTctZGNhOS00MDQ5LWJhZDMtZDQxYjg4OTYxNTU1 {"name":"operations/workflows/M2Y4Yzg3NTctZGNhOS00MDQ5LWJhZDMtZDQxYjg4OTYxNTU1"}
[debug] [2025-01-15T15:11:02.432Z] [Add Firebase Poller] Retrying task index 0
[debug] [2025-01-15T15:11:02.433Z] Checked if tokens are valid: true, expires at: 1736957342269
[debug] [2025-01-15T15:11:02.433Z] Checked if tokens are valid: true, expires at: 1736957342269
[debug] [2025-01-15T15:11:02.433Z] >>> [apiv2][query] GET https://firebase.googleapis.com/v1beta1/operations/workflows/M2Y4Yzg3NTctZGNhOS00MDQ5LWJhZDMtZDQxYjg4OTYxNTU1 [none]
[debug] [2025-01-15T15:11:04.530Z] <<< [apiv2][status] GET https://firebase.googleapis.com/v1beta1/operations/workflows/M2Y4Yzg3NTctZGNhOS00MDQ5LWJhZDMtZDQxYjg4OTYxNTU1 200
[debug] [2025-01-15T15:11:04.530Z] <<< [apiv2][body] GET https://firebase.googleapis.com/v1beta1/operations/workflows/M2Y4Yzg3NTctZGNhOS00MDQ5LWJhZDMtZDQxYjg4OTYxNTU1 {"name":"operations/workflows/M2Y4Yzg3NTctZGNhOS00MDQ5LWJhZDMtZDQxYjg4OTYxNTU1"}
[debug] [2025-01-15T15:11:05.537Z] [Add Firebase Poller] Retrying task index 0
[debug] [2025-01-15T15:11:05.538Z] Checked if tokens are valid: true, expires at: 1736957342269
[debug] [2025-01-15T15:11:05.538Z] Checked if tokens are valid: true, expires at: 1736957342269
[debug] [2025-01-15T15:11:05.538Z] >>> [apiv2][query] GET https://firebase.googleapis.com/v1beta1/operations/workflows/M2Y4Yzg3NTctZGNhOS00MDQ5LWJhZDMtZDQxYjg4OTYxNTU1 [none]
[debug] [2025-01-15T15:11:06.427Z] <<< [apiv2][status] GET https://firebase.googleapis.com/v1beta1/operations/workflows/M2Y4Yzg3NTctZGNhOS00MDQ5LWJhZDMtZDQxYjg4OTYxNTU1 200
[debug] [2025-01-15T15:11:06.427Z] <<< [apiv2][body] GET https://firebase.googleapis.com/v1beta1/operations/workflows/M2Y4Yzg3NTctZGNhOS00MDQ5LWJhZDMtZDQxYjg4OTYxNTU1 {"name":"operations/workflows/M2Y4Yzg3NTctZGNhOS00MDQ5LWJhZDMtZDQxYjg4OTYxNTU1"}
[debug] [2025-01-15T15:11:08.431Z] [Add Firebase Poller] Retrying task index 0
[debug] [2025-01-15T15:11:08.432Z] Checked if tokens are valid: true, expires at: 1736957342269
[debug] [2025-01-15T15:11:08.433Z] Checked if tokens are valid: true, expires at: 1736957342269
[debug] [2025-01-15T15:11:08.433Z] >>> [apiv2][query] GET https://firebase.googleapis.com/v1beta1/operations/workflows/M2Y4Yzg3NTctZGNhOS00MDQ5LWJhZDMtZDQxYjg4OTYxNTU1 [none]
[debug] [2025-01-15T15:11:09.333Z] <<< [apiv2][status] GET https://firebase.googleapis.com/v1beta1/operations/workflows/M2Y4Yzg3NTctZGNhOS00MDQ5LWJhZDMtZDQxYjg4OTYxNTU1 200
[debug] [2025-01-15T15:11:09.333Z] <<< [apiv2][body] GET https://firebase.googleapis.com/v1beta1/operations/workflows/M2Y4Yzg3NTctZGNhOS00MDQ5LWJhZDMtZDQxYjg4OTYxNTU1 {"name":"operations/workflows/M2Y4Yzg3NTctZGNhOS00MDQ5LWJhZDMtZDQxYjg4OTYxNTU1"}
[debug] [2025-01-15T15:11:13.335Z] [Add Firebase Poller] Retrying task index 0
[debug] [2025-01-15T15:11:13.335Z] Checked if tokens are valid: true, expires at: 1736957342269
[debug] [2025-01-15T15:11:13.335Z] Checked if tokens are valid: true, expires at: 1736957342269
[debug] [2025-01-15T15:11:13.335Z] >>> [apiv2][query] GET https://firebase.googleapis.com/v1beta1/operations/workflows/M2Y4Yzg3NTctZGNhOS00MDQ5LWJhZDMtZDQxYjg4OTYxNTU1 [none]
[debug] [2025-01-15T15:11:14.628Z] <<< [apiv2][status] GET https://firebase.googleapis.com/v1beta1/operations/workflows/M2Y4Yzg3NTctZGNhOS00MDQ5LWJhZDMtZDQxYjg4OTYxNTU1 200
[debug] [2025-01-15T15:11:14.629Z] <<< [apiv2][body] GET https://firebase.googleapis.com/v1beta1/operations/workflows/M2Y4Yzg3NTctZGNhOS00MDQ5LWJhZDMtZDQxYjg4OTYxNTU1 {"name":"operations/workflows/M2Y4Yzg3NTctZGNhOS00MDQ5LWJhZDMtZDQxYjg4OTYxNTU1","done":true,"response":{"@type":"type.googleapis.com/google.firebase.service.v1beta1.FirebaseProject","projectId":"bhooklagibynaveen","projectNumber":"628415708341","displayName":"bhooklagi","name":"projects/bhooklagibynaveen","resources":{"hostingSite":"bhooklagibynaveen"}}}
[info] 
[info] === Your Firebase project is ready! ===
[info] 
[info] Project information:
[info]    - Project ID: bhooklagibynaveen
[info]    - Project Name: bhooklagi
[info] 
[info] Firebase console is available at
[info] https://console.firebase.google.com/project/bhooklagibynaveen/overview
[info] i  Using project bhooklagibynaveen (bhooklagi) 
[info] 
=== Hosting Setup
[debug] [2025-01-15T15:11:14.641Z] Checked if tokens are valid: true, expires at: 1736957342269
[debug] [2025-01-15T15:11:14.641Z] Checked if tokens are valid: true, expires at: 1736957342269
[debug] [2025-01-15T15:11:14.641Z] >>> [apiv2][query] GET https://firebase.googleapis.com/v1beta1/projects/bhooklagibynaveen [none]
[debug] [2025-01-15T15:11:16.003Z] <<< [apiv2][status] GET https://firebase.googleapis.com/v1beta1/projects/bhooklagibynaveen 200
[debug] [2025-01-15T15:11:16.003Z] <<< [apiv2][body] GET https://firebase.googleapis.com/v1beta1/projects/bhooklagibynaveen {"projectId":"bhooklagibynaveen","projectNumber":"628415708341","displayName":"bhooklagi","name":"projects/bhooklagibynaveen","resources":{"hostingSite":"bhooklagibynaveen"},"state":"ACTIVE","etag":"1_24147848-65df-429f-a622-eaf9a113a1f0"}
[info] 
[info] Your public directory is the folder (relative to your project directory) that
[info] will contain Hosting assets to be uploaded with firebase deploy. If you
[info] have a build process for your assets, use your build's output directory.
[info] 
[debug] [2025-01-15T15:11:41.495Z] >>> [apiv2][query] GET https://www.gstatic.com/firebasejs/releases.json [none]
[debug] [2025-01-15T15:11:41.639Z] <<< [apiv2][status] GET https://www.gstatic.com/firebasejs/releases.json 200
[debug] [2025-01-15T15:11:41.639Z] <<< [apiv2][body] GET https://www.gstatic.com/firebasejs/releases.json {"current":{"version":"11.1.0","browserURL":"https://www.gstatic.com/firebasejs/11.1.0/firebase.js","packageURL":"https://www.gstatic.com/firebasejs/11.1.0/firebase.tgz"},"live":{"version":"11.1","browserURL":"https://www.gstatic.com/firebasejs/live/11.1/firebase.js","packageURL":"https://www.gstatic.com/firebasejs/live/11.1/firebase.tgz"},"components":{"analytics":"https://www.gstatic.com/firebasejs/11.1.0/firebase-analytics.js","app":"https://www.gstatic.com/firebasejs/11.1.0/firebase-app.js","app-check":"https://www.gstatic.com/firebasejs/11.1.0/firebase-app-check.js","auth":"https://www.gstatic.com/firebasejs/11.1.0/firebase-auth.js","auth/cordova":"https://www.gstatic.com/firebasejs/11.1.0/firebase-auth/cordova.js","auth/web-extension":"https://www.gstatic.com/firebasejs/11.1.0/firebase-auth/web-extension.js","functions":"https://www.gstatic.com/firebasejs/11.1.0/firebase-functions.js","firestore":"https://www.gstatic.com/firebasejs/11.1.0/firebase-firestore.js","firestore/lite":"https://www.gstatic.com/firebasejs/11.1.0/firebase-firestore/lite.js","installations":"https://www.gstatic.com/firebasejs/11.1.0/firebase-installations.js","storage":"https://www.gstatic.com/firebasejs/11.1.0/firebase-storage.js","performance":"https://www.gstatic.com/firebasejs/11.1.0/firebase-performance.js","remote-config":"https://www.gstatic.com/firebasejs/11.1.0/firebase-remote-config.js","messaging":"https://www.gstatic.com/firebasejs/11.1.0/firebase-messaging.js","messaging/sw":"https://www.gstatic.com/firebasejs/11.1.0/firebase-messaging/sw.js","database":"https://www.gstatic.com/firebasejs/11.1.0/firebase-database.js","vertexai":"https://www.gstatic.com/firebasejs/11.1.0/firebase-vertexai.js","data-connect":"https://www.gstatic.com/firebasejs/11.1.0/firebase-data-connect.js","firestore.memory":"https://www.gstatic.com/firebasejs/11.1.0/firebase-firestore.memory.js"}}
[info] +  Wrote public/index.html 
[info] 
[info] i  Detected a .git folder at C:\Users\RYZEN\OneDrive\Desktop\React-Project\Swiggy Clown\002 01-starting-project (12)\01-starting-project 
[info] i  Authorizing with GitHub to upload your service account to a GitHub repository's secrets store. 
[info] 
[info] Visit this URL on this device to log in:
[info] https://github.com/login/oauth/authorize?client_id=89cf50f02ac6aaed3484&state=911006595&redirect_uri=http%3A%2F%2Flocalhost%3A9005&scope=read%3Auser%20repo%20public_repo
[info] 
[info] Waiting for authentication...
